\BOOKMARK [0][-]{chapter.1}{引言 （待补充）}{}% 1
\BOOKMARK [0][-]{chapter.2}{人机强交互环境 （吴敏） }{}% 2
\BOOKMARK [1][-]{section.2.1}{人机交互}{chapter.2}% 3
\BOOKMARK [1][-]{section.2.2}{“强”交互}{chapter.2}% 4
\BOOKMARK [1][-]{section.2.3}{特征}{chapter.2}% 5
\BOOKMARK [1][-]{section.2.4}{影响}{chapter.2}% 6
\BOOKMARK [0][-]{chapter.3}{认知控制 \(宋明、吴敏\) }{}% 7
\BOOKMARK [1][-]{section.3.1}{定义}{chapter.3}% 8
\BOOKMARK [1][-]{section.3.2}{国内外研究现状}{chapter.3}% 9
\BOOKMARK [1][-]{section.3.3}{内容}{chapter.3}% 10
\BOOKMARK [0][-]{chapter.4}{网络成瘾  }{}% 11
\BOOKMARK [1][-]{section.4.1}{起源}{chapter.4}% 12
\BOOKMARK [1][-]{section.4.2}{定义}{chapter.4}% 13
\BOOKMARK [1][-]{section.4.3}{分类}{chapter.4}% 14
\BOOKMARK [2][-]{subsection.4.3.1}{在线游戏成瘾}{section.4.3}% 15
\BOOKMARK [2][-]{subsection.4.3.2}{社交成瘾}{section.4.3}% 16
\BOOKMARK [2][-]{subsection.4.3.3}{互联网赌博}{section.4.3}% 17
\BOOKMARK [0][-]{chapter.5}{在线社交对儿童青少年认知控制的影响}{}% 18
\BOOKMARK [0][-]{chapter.6}{电子游戏对儿童青少年认知控制的影响}{}% 19
\BOOKMARK [1][-]{section.6.1}{电子游戏定义、分类、人机强交互环境下的电子游戏有什么新特征 （韩搏康） }{chapter.6}% 20
\BOOKMARK [1][-]{section.6.2}{对认知控制的影响（双刃剑、好坏两方面） （张仑） }{chapter.6}% 21
\BOOKMARK [2][-]{subsection.6.2.1}{游戏成瘾的定义、表现}{section.6.2}% 22
\BOOKMARK [2][-]{subsection.6.2.2}{游戏成瘾影响，侧重于认知控制方面的影响}{section.6.2}% 23
\BOOKMARK [0][-]{chapter.7}{干预（待补充 ）}{}% 24
